# Logfile created on 2023-05-09 15:27:14 +0000 by logger.rb/v1.5.3
I, [2023-05-09T15:27:14.106510 #1]  INFO -- : Using GitHub Features: Defaults
I, [2023-05-09T15:27:14.106571 #1]  INFO -- : Forecasting 'http://localhost:8080/'
I, [2023-05-09T15:27:14.113718 #1]  INFO -- request: GET http://localhost:8080/pluginManager/api/json?depth=1&tree=plugins%5BshortName%5D
I, [2023-05-09T15:27:14.222180 #1]  INFO -- response: Status 200
I, [2023-05-09T15:27:14.224899 #1]  INFO -- request: GET http://localhost:8080/api/json?tree=jobs%5Bname%2CfullName%2Cjobs%5D
I, [2023-05-09T15:27:14.247262 #1]  INFO -- response: Status 200
I, [2023-05-09T15:27:14.249856 #1]  INFO -- request: GET http://localhost:8080/job/monas_dev_work/api/json?tree=jobs%5Bname%2CfullName%2Cjobs%5D
I, [2023-05-09T15:27:14.271396 #1]  INFO -- response: Status 200
I, [2023-05-09T15:27:14.273520 #1]  INFO -- request: GET http://localhost:8080/job/test_mutlibranch_pipeline/api/json?tree=jobs%5Bname%2CfullName%2Cjobs%5D
I, [2023-05-09T15:27:14.297101 #1]  INFO -- response: Status 200
I, [2023-05-09T15:27:14.298594 #1]  INFO -- : Thread collection size: 4
I, [2023-05-09T15:27:14.300164 #1]  INFO -- request: GET http://localhost:8080/job/monas_dev_work/job/monas_freestyle/builds/?orderBy=desc&size=10000&start=0
I, [2023-05-09T15:27:14.302405 #1]  INFO -- request: GET http://localhost:8080/job/groovy_script/builds/?orderBy=desc&size=10000&start=0
I, [2023-05-09T15:27:14.302635 #1]  INFO -- request: GET http://localhost:8080/job/demo_pipeline/builds/?orderBy=desc&size=10000&start=0
I, [2023-05-09T15:27:14.302765 #1]  INFO -- request: GET http://localhost:8080/job/monas_dev_work/job/monas_pipeline/builds/?orderBy=desc&size=10000&start=0
I, [2023-05-09T15:27:14.776154 #1]  INFO -- response: Status 200
I, [2023-05-09T15:27:14.777082 #1]  INFO -- response: Status 200
I, [2023-05-09T15:27:14.783064 #1]  INFO -- request: GET http://localhost:8080/job/test_freestyle_project/builds/?orderBy=desc&size=10000&start=0
I, [2023-05-09T15:27:14.784514 #1]  INFO -- request: GET http://localhost:8080/job/test_pipeline/builds/?orderBy=desc&size=10000&start=0
I, [2023-05-09T15:27:14.788462 #1]  INFO -- response: Status 200
I, [2023-05-09T15:27:14.851648 #1]  INFO -- response: Status 200
I, [2023-05-09T15:27:14.872926 #1]  INFO -- response: Status 200
I, [2023-05-09T15:27:14.879082 #1]  INFO -- response: Status 200
I, [2023-05-09T15:27:15.450814 #1]  INFO -- : Output file(s):
I, [2023-05-09T15:27:15.453332 #1]  INFO -- :   tmp/forecast/jobs/05-09-2023-15-27_jobs_0.json
I, [2023-05-09T15:27:15.453859 #1]  INFO -- :   tmp/forecast/forecast_report.md
I, [2023-05-09T15:27:15.762203 #1]  INFO -- request: GET https://api.github.com/user
I, [2023-05-09T15:27:15.893976 #1]  INFO -- response: Status 200
I, [2023-05-09T15:27:15.895171 #1]  INFO -- : Sending telemetry with transaction id '42f4e85e-5355-4af8-97e9-24d7921cae38'
