# Logfile created on 2023-05-09 15:58:31 +0000 by logger.rb/v1.5.3
I, [2023-05-09T15:58:31.910431 #1]  INFO -- : Using GitHub Features: Defaults
I, [2023-05-09T15:58:31.911421 #1]  INFO -- request: GET http://localhost:8080/job/test_pipeline/config.xml
I, [2023-05-09T15:58:31.970463 #1]  INFO -- response: Status 200
I, [2023-05-09T15:58:31.978251 #1]  INFO -- request: POST http://localhost:8080/pipeline-model-converter/toJson
I, [2023-05-09T15:58:32.018279 #1]  INFO -- response: Status 200
D, [2023-05-09T15:58:32.020105 #1] DEBUG -- : [Transformers::Jenkins::JenkinsfilePipeline::DeclarativePipeline::Defaults]: Failed to locate transformer for 'label'
D, [2023-05-09T15:58:32.020260 #1] DEBUG -- : [Transformers::Jenkins::JenkinsfilePipeline::DeclarativePipeline::RunsOn]: Located transformer for 'label'
D, [2023-05-09T15:58:32.020370 #1] DEBUG -- : [Transformers::Jenkins::JenkinsfilePipeline::DeclarativePipeline::RunsOn]: Located transformer for 'label'
D, [2023-05-09T15:58:32.020881 #1] DEBUG -- : [Transformers::Jenkins::JenkinsfilePipeline::DeclarativePipeline::Container]: Failed to locate transformer for 'label'
D, [2023-05-09T15:58:32.021433 #1] DEBUG -- : [Transformers::Jenkins::JenkinsfilePipeline::DeclarativePipeline::Jobs]: Located transformer for 'echo'
D, [2023-05-09T15:58:32.021825 #1] DEBUG -- : [Transformers::Jenkins::JenkinsfilePipeline::DeclarativePipeline::Jobs]: Located custom transformer for 'sleep'
D, [2023-05-09T15:58:32.022027 #1] DEBUG -- : [Transformers::Jenkins::JenkinsfilePipeline::DeclarativePipeline::Jobs]: Located transformer for 'echo'
D, [2023-05-09T15:58:32.022609 #1] DEBUG -- : [Transformers::Jenkins::JenkinsfilePipeline::DeclarativePipeline::Jobs]: Located transformer for 'junit'
D, [2023-05-09T15:58:32.023338 #1] DEBUG -- : [Transformers::Jenkins::DesignerPipeline::On]: Located transformer for 'hudson.triggers.SCMTrigger'
D, [2023-05-09T15:58:32.024018 #1] DEBUG -- : [Transformers::Jenkins::JenkinsfilePipeline::DeclarativePipeline::Concurrency]: Failed to locate transformer for 'org.jenkinsci.plugins.workflow.job.properties.PipelineTriggersJobProperty'
I, [2023-05-09T15:58:32.026910 #1]  INFO -- : Output file(s):
I, [2023-05-09T15:58:32.031226 #1]  INFO -- :   tmp/dry-run/test_pipeline/.github/workflows/test_pipeline.yml
I, [2023-05-09T15:58:32.066948 #1]  INFO -- request: GET https://api.github.com/user
I, [2023-05-09T15:58:32.194191 #1]  INFO -- response: Status 200
I, [2023-05-09T15:58:32.195741 #1]  INFO -- : Sending telemetry with transaction id 'a9a9dcf4-ade3-4141-9610-22257d7692ef'
