# Logfile created on 2023-05-09 15:57:48 +0000 by logger.rb/v1.5.3
I, [2023-05-09T15:57:48.428416 #1]  INFO -- : Using GitHub Features: Defaults
I, [2023-05-09T15:57:48.429632 #1]  INFO -- request: GET http://localhost:8080/job/test_pipeline/config.xml
I, [2023-05-09T15:57:48.492911 #1]  INFO -- response: Status 200
I, [2023-05-09T15:57:48.500714 #1]  INFO -- request: POST http://localhost:8080/pipeline-model-converter/toJson
I, [2023-05-09T15:57:48.546263 #1]  INFO -- response: Status 200
D, [2023-05-09T15:57:48.548998 #1] DEBUG -- : [Transformers::Jenkins::JenkinsfilePipeline::DeclarativePipeline::Defaults]: Failed to locate transformer for 'label'
D, [2023-05-09T15:57:48.549095 #1] DEBUG -- : [Transformers::Jenkins::JenkinsfilePipeline::DeclarativePipeline::RunsOn]: Located transformer for 'label'
D, [2023-05-09T15:57:48.549173 #1] DEBUG -- : [Transformers::Jenkins::JenkinsfilePipeline::DeclarativePipeline::RunsOn]: Located transformer for 'label'
D, [2023-05-09T15:57:48.549678 #1] DEBUG -- : [Transformers::Jenkins::JenkinsfilePipeline::DeclarativePipeline::Container]: Failed to locate transformer for 'label'
D, [2023-05-09T15:57:48.550282 #1] DEBUG -- : [Transformers::Jenkins::JenkinsfilePipeline::DeclarativePipeline::Jobs]: Located transformer for 'echo'
D, [2023-05-09T15:57:48.550435 #1] DEBUG -- : [Transformers::Jenkins::JenkinsfilePipeline::DeclarativePipeline::Jobs]: Failed to locate transformer for 'sleep'
D, [2023-05-09T15:57:48.550532 #1] DEBUG -- : [Transformers::Jenkins::JenkinsfilePipeline::DeclarativePipeline::Jobs]: Located transformer for 'echo'
D, [2023-05-09T15:57:48.550979 #1] DEBUG -- : [Transformers::Jenkins::JenkinsfilePipeline::DeclarativePipeline::Jobs]: Located transformer for 'junit'
D, [2023-05-09T15:57:48.551628 #1] DEBUG -- : [Transformers::Jenkins::DesignerPipeline::On]: Located transformer for 'hudson.triggers.SCMTrigger'
D, [2023-05-09T15:57:48.552412 #1] DEBUG -- : [Transformers::Jenkins::JenkinsfilePipeline::DeclarativePipeline::Concurrency]: Failed to locate transformer for 'org.jenkinsci.plugins.workflow.job.properties.PipelineTriggersJobProperty'
I, [2023-05-09T15:57:48.555269 #1]  INFO -- : Output file(s):
I, [2023-05-09T15:57:48.559689 #1]  INFO -- :   tmp/dry-run/test_pipeline/.github/workflows/test_pipeline.yml
I, [2023-05-09T15:57:48.595566 #1]  INFO -- request: GET https://api.github.com/user
I, [2023-05-09T15:57:48.713527 #1]  INFO -- response: Status 200
I, [2023-05-09T15:57:48.714979 #1]  INFO -- : Sending telemetry with transaction id 'a4da7596-3fea-403c-9a91-4a031afb1a47'
