# Logfile created on 2023-05-09 15:56:12 +0000 by logger.rb/v1.5.3
I, [2023-05-09T15:56:12.585072 #1]  INFO -- : Using GitHub Features: Defaults
I, [2023-05-09T15:56:12.586365 #1]  INFO -- request: GET http://localhost:8080/job/test_pipeline/config.xml
I, [2023-05-09T15:56:12.650429 #1]  INFO -- response: Status 200
I, [2023-05-09T15:56:12.660824 #1]  INFO -- request: POST http://localhost:8080/pipeline-model-converter/toJson
I, [2023-05-09T15:56:12.703669 #1]  INFO -- response: Status 200
D, [2023-05-09T15:56:12.705402 #1] DEBUG -- : [Transformers::Jenkins::JenkinsfilePipeline::DeclarativePipeline::Defaults]: Failed to locate transformer for 'label'
D, [2023-05-09T15:56:12.705847 #1] DEBUG -- : [Transformers::Jenkins::JenkinsfilePipeline::DeclarativePipeline::RunsOn]: Located transformer for 'label'
D, [2023-05-09T15:56:12.706026 #1] DEBUG -- : [Transformers::Jenkins::JenkinsfilePipeline::DeclarativePipeline::RunsOn]: Located transformer for 'label'
D, [2023-05-09T15:56:12.707379 #1] DEBUG -- : [Transformers::Jenkins::JenkinsfilePipeline::DeclarativePipeline::Container]: Failed to locate transformer for 'label'
D, [2023-05-09T15:56:12.708141 #1] DEBUG -- : [Transformers::Jenkins::JenkinsfilePipeline::DeclarativePipeline::Jobs]: Located transformer for 'echo'
D, [2023-05-09T15:56:12.708390 #1] DEBUG -- : [Transformers::Jenkins::JenkinsfilePipeline::DeclarativePipeline::Jobs]: Failed to locate transformer for 'sleep'
D, [2023-05-09T15:56:12.708544 #1] DEBUG -- : [Transformers::Jenkins::JenkinsfilePipeline::DeclarativePipeline::Jobs]: Located transformer for 'echo'
D, [2023-05-09T15:56:12.709253 #1] DEBUG -- : [Transformers::Jenkins::JenkinsfilePipeline::DeclarativePipeline::Jobs]: Located transformer for 'junit'
D, [2023-05-09T15:56:12.710093 #1] DEBUG -- : [Transformers::Jenkins::DesignerPipeline::On]: Located transformer for 'hudson.triggers.SCMTrigger'
D, [2023-05-09T15:56:12.710919 #1] DEBUG -- : [Transformers::Jenkins::JenkinsfilePipeline::DeclarativePipeline::Concurrency]: Failed to locate transformer for 'org.jenkinsci.plugins.workflow.job.properties.PipelineTriggersJobProperty'
I, [2023-05-09T15:56:12.715690 #1]  INFO -- : Output file(s):
I, [2023-05-09T15:56:12.721859 #1]  INFO -- :   tmp/dry-run/test_pipeline/.github/workflows/test_pipeline.yml
I, [2023-05-09T15:56:12.761214 #1]  INFO -- request: GET https://api.github.com/user
I, [2023-05-09T15:56:12.889611 #1]  INFO -- response: Status 200
I, [2023-05-09T15:56:12.891262 #1]  INFO -- : Sending telemetry with transaction id '1ae5ff96-bfaf-4716-b93b-8aec470bb157'
