# Logfile created on 2023-05-09 15:23:58 +0000 by logger.rb/v1.5.3
I, [2023-05-09T15:23:58.184139 #1]  INFO -- : Using GitHub Features: Defaults
I, [2023-05-09T15:23:58.184201 #1]  INFO -- : Auditing 'http://localhost:8080/'
I, [2023-05-09T15:23:58.194803 #1]  INFO -- request: GET http://localhost:8080/api/json?tree=jobs%5Bname%2Curl%2CfullName%5D
I, [2023-05-09T15:23:58.301041 #1]  INFO -- response: Status 200
I, [2023-05-09T15:23:58.302731 #1]  INFO -- request: GET http://localhost:8080/job/monas_dev_work/api/json?tree=jobs%5Bname%2Curl%2CfullName%5D
I, [2023-05-09T15:23:58.338773 #1]  INFO -- response: Status 200
I, [2023-05-09T15:23:58.339834 #1]  INFO -- : Thread collection size: 4
I, [2023-05-09T15:23:58.342164 #1]  INFO -- request: GET http://localhost:8080/job/groovy_script/config.xml
I, [2023-05-09T15:23:58.342749 #1]  INFO -- request: GET http://localhost:8080/job/monas_dev_work/job/monas_freestyle/config.xml
I, [2023-05-09T15:23:58.343289 #1]  INFO -- request: GET http://localhost:8080/job/monas_dev_work/job/monas_pipeline/config.xml
I, [2023-05-09T15:23:58.343757 #1]  INFO -- request: GET http://localhost:8080/job/demo_pipeline/config.xml
I, [2023-05-09T15:23:58.391376 #1]  INFO -- response: Status 200
I, [2023-05-09T15:23:58.394801 #1]  INFO -- response: Status 200
I, [2023-05-09T15:23:58.423260 #1]  INFO -- request: POST http://localhost:8080/pipeline-model-converter/toJson
I, [2023-05-09T15:23:58.429445 #1]  INFO -- request: GET http://localhost:8080/job/test_freestyle_project/config.xml
I, [2023-05-09T15:23:58.451904 #1]  INFO -- response: Status 200
I, [2023-05-09T15:23:58.457274 #1]  INFO -- request: POST http://localhost:8080/pipeline-model-converter/toJson
I, [2023-05-09T15:23:58.487828 #1]  INFO -- response: Status 200
I, [2023-05-09T15:23:58.500825 #1]  INFO -- request: GET http://localhost:8080/job/test_mutlibranch_pipeline/config.xml
I, [2023-05-09T15:23:58.509676 #1]  INFO -- response: Status 200
I, [2023-05-09T15:23:58.518014 #1]  INFO -- request: GET http://localhost:8080/job/test_pipeline/config.xml
I, [2023-05-09T15:23:58.551026 #1]  INFO -- response: Status 200
I, [2023-05-09T15:23:58.558226 #1]  INFO -- request: POST http://localhost:8080/pipeline-model-converter/toJson
I, [2023-05-09T15:23:58.590249 #1]  INFO -- response: Status 200
I, [2023-05-09T15:23:58.598129 #1]  INFO -- request: GET http://localhost:8080/job/test_mutlibranch_pipeline/api/json?tree=jobs%5Bname%2Curl%2CfullName%5D
I, [2023-05-09T15:23:58.629873 #1]  INFO -- response: Status 200
I, [2023-05-09T15:23:58.652611 #1]  INFO -- response: Status 200
I, [2023-05-09T15:23:58.658746 #1]  INFO -- response: Status 200
I, [2023-05-09T15:23:58.737946 #1]  INFO -- response: Status 200
D, [2023-05-09T15:23:58.740184 #1] DEBUG -- : [Transformers::Jenkins::JenkinsfilePipeline::DeclarativePipeline::Defaults]: Failed to locate transformer for 'label'
D, [2023-05-09T15:23:58.740417 #1] DEBUG -- : [Transformers::Jenkins::JenkinsfilePipeline::DeclarativePipeline::RunsOn]: Located transformer for 'label'
D, [2023-05-09T15:23:58.740531 #1] DEBUG -- : [Transformers::Jenkins::JenkinsfilePipeline::DeclarativePipeline::RunsOn]: Located transformer for 'label'
D, [2023-05-09T15:23:58.741139 #1] DEBUG -- : [Transformers::Jenkins::JenkinsfilePipeline::DeclarativePipeline::Container]: Failed to locate transformer for 'label'
D, [2023-05-09T15:23:58.741924 #1] DEBUG -- : [Transformers::Jenkins::JenkinsfilePipeline::DeclarativePipeline::Jobs]: Located transformer for 'echo'
D, [2023-05-09T15:23:58.742105 #1] DEBUG -- : [Transformers::Jenkins::JenkinsfilePipeline::DeclarativePipeline::Jobs]: Located transformer for 'echo'
D, [2023-05-09T15:23:58.742738 #1] DEBUG -- : [Transformers::Jenkins::JenkinsfilePipeline::DeclarativePipeline::Jobs]: Located transformer for 'archiveArtifacts'
D, [2023-05-09T15:23:58.743326 #1] DEBUG -- : [Transformers::Jenkins::JenkinsfilePipeline::DeclarativePipeline::Jobs]: Located transformer for 'junit'
D, [2023-05-09T15:23:58.744056 #1] DEBUG -- : [Transformers::Jenkins::JenkinsfilePipeline::DeclarativePipeline::Jobs]: Located transformer for 'sh'
D, [2023-05-09T15:23:58.750225 #1] DEBUG -- : [Transformers::Jenkins::DesignerPipeline::Jobs]: Located transformer for 'hudson.tasks.Shell'
D, [2023-05-09T15:23:58.750586 #1] DEBUG -- : [Transformers::Jenkins::DesignerPipeline::Env]: Located transformer for 'org.jenkinsci.plugins.credentialsbinding.impl.SecretBuildWrapper'
D, [2023-05-09T15:23:58.752150 #1] DEBUG -- : [Transformers::Jenkins::JenkinsfilePipeline::DeclarativePipeline::Defaults]: Failed to locate transformer for 'any'
D, [2023-05-09T15:23:58.752210 #1] DEBUG -- : [Transformers::Jenkins::JenkinsfilePipeline::DeclarativePipeline::RunsOn]: Located transformer for 'any'
D, [2023-05-09T15:23:58.752269 #1] DEBUG -- : [Transformers::Jenkins::JenkinsfilePipeline::DeclarativePipeline::RunsOn]: Located transformer for 'any'
D, [2023-05-09T15:23:58.752369 #1] DEBUG -- : [Transformers::Jenkins::JenkinsfilePipeline::DeclarativePipeline::Container]: Failed to locate transformer for 'any'
D, [2023-05-09T15:23:58.752520 #1] DEBUG -- : [Transformers::Jenkins::JenkinsfilePipeline::DeclarativePipeline::Jobs]: Located transformer for 'echo'
D, [2023-05-09T15:23:58.752703 #1] DEBUG -- : [Transformers::Jenkins::JenkinsfilePipeline::DeclarativePipeline::Jobs]: Failed to locate transformer for 'sleep'
D, [2023-05-09T15:23:58.752839 #1] DEBUG -- : [Transformers::Jenkins::JenkinsfilePipeline::DeclarativePipeline::Jobs]: Located transformer for 'echo'
D, [2023-05-09T15:23:58.754215 #1] DEBUG -- : [Transformers::Jenkins::DesignerPipeline::Jobs]: Located transformer for 'hudson.tasks.Shell'
D, [2023-05-09T15:23:58.754356 #1] DEBUG -- : [Transformers::Jenkins::DesignerPipeline::Jobs]: Located transformer for 'hudson.tasks.Shell'
D, [2023-05-09T15:23:58.754499 #1] DEBUG -- : [Transformers::Jenkins::DesignerPipeline::Jobs]: Located transformer for 'hudson.plugins.git.GitPublisher'
D, [2023-05-09T15:23:58.754670 #1] DEBUG -- : [Transformers::Jenkins::DesignerPipeline::Jobs]: Located transformer for 'hudson.tasks.Mailer'
D, [2023-05-09T15:23:58.754876 #1] DEBUG -- : [Transformers::Jenkins::DesignerPipeline::On]: Located transformer for 'hudson.triggers.TimerTrigger'
D, [2023-05-09T15:23:58.755405 #1] DEBUG -- : [Transformers::Jenkins::DesignerPipeline::Env]: Located transformer for 'org.jenkinsci.plugins.credentialsbinding.impl.SecretBuildWrapper'
D, [2023-05-09T15:23:58.757646 #1] DEBUG -- : [Transformers::Jenkins::JenkinsfilePipeline::DeclarativePipeline::Defaults]: Failed to locate transformer for 'label'
D, [2023-05-09T15:23:58.757716 #1] DEBUG -- : [Transformers::Jenkins::JenkinsfilePipeline::DeclarativePipeline::RunsOn]: Located transformer for 'label'
D, [2023-05-09T15:23:58.757804 #1] DEBUG -- : [Transformers::Jenkins::JenkinsfilePipeline::DeclarativePipeline::RunsOn]: Located transformer for 'label'
D, [2023-05-09T15:23:58.757943 #1] DEBUG -- : [Transformers::Jenkins::JenkinsfilePipeline::DeclarativePipeline::Container]: Failed to locate transformer for 'label'
D, [2023-05-09T15:23:58.758052 #1] DEBUG -- : [Transformers::Jenkins::JenkinsfilePipeline::DeclarativePipeline::Jobs]: Located transformer for 'echo'
D, [2023-05-09T15:23:58.758150 #1] DEBUG -- : [Transformers::Jenkins::JenkinsfilePipeline::DeclarativePipeline::Jobs]: Failed to locate transformer for 'sleep'
D, [2023-05-09T15:23:58.758216 #1] DEBUG -- : [Transformers::Jenkins::JenkinsfilePipeline::DeclarativePipeline::Jobs]: Located transformer for 'echo'
D, [2023-05-09T15:23:58.758344 #1] DEBUG -- : [Transformers::Jenkins::JenkinsfilePipeline::DeclarativePipeline::Jobs]: Located transformer for 'junit'
D, [2023-05-09T15:23:58.758526 #1] DEBUG -- : [Transformers::Jenkins::DesignerPipeline::On]: Located transformer for 'hudson.triggers.SCMTrigger'
D, [2023-05-09T15:23:58.759143 #1] DEBUG -- : [Transformers::Jenkins::JenkinsfilePipeline::DeclarativePipeline::Concurrency]: Failed to locate transformer for 'org.jenkinsci.plugins.workflow.job.properties.PipelineTriggersJobProperty'
I, [2023-05-09T15:23:58.762797 #1]  INFO -- : Output file(s):
I, [2023-05-09T15:23:58.768149 #1]  INFO -- :   tmp/audit/demo_pipeline/.github/workflows/demo_pipeline.yml
I, [2023-05-09T15:23:58.771652 #1]  INFO -- :   tmp/audit/demo_pipeline/config.json
I, [2023-05-09T15:23:58.772897 #1]  INFO -- :   tmp/audit/demo_pipeline/jenkinsfile
I, [2023-05-09T15:23:58.773674 #1]  INFO -- :   tmp/audit/groovy_script/error.txt
I, [2023-05-09T15:23:58.774333 #1]  INFO -- :   tmp/audit/groovy_script/config.json
I, [2023-05-09T15:23:58.776640 #1]  INFO -- :   tmp/audit/monas_dev_work/monas_freestyle/.github/workflows/monas_freestyle.yml
I, [2023-05-09T15:23:58.777511 #1]  INFO -- :   tmp/audit/monas_dev_work/monas_freestyle/config.json
I, [2023-05-09T15:23:58.779915 #1]  INFO -- :   tmp/audit/monas_dev_work/monas_pipeline/.github/workflows/monas_pipeline.yml
I, [2023-05-09T15:23:58.780980 #1]  INFO -- :   tmp/audit/monas_dev_work/monas_pipeline/config.json
I, [2023-05-09T15:23:58.782137 #1]  INFO -- :   tmp/audit/monas_dev_work/monas_pipeline/jenkinsfile
I, [2023-05-09T15:23:58.785269 #1]  INFO -- :   tmp/audit/test_freestyle_project/.github/workflows/test_freestyle_project.yml
I, [2023-05-09T15:23:58.786461 #1]  INFO -- :   tmp/audit/test_freestyle_project/config.json
I, [2023-05-09T15:23:58.787853 #1]  INFO -- :   tmp/audit/test_mutlibranch_pipeline/config.json
I, [2023-05-09T15:23:58.795283 #1]  INFO -- :   tmp/audit/test_pipeline/.github/workflows/test_pipeline.yml
I, [2023-05-09T15:23:58.796700 #1]  INFO -- :   tmp/audit/test_pipeline/config.json
I, [2023-05-09T15:23:58.798674 #1]  INFO -- :   tmp/audit/test_pipeline/jenkinsfile
I, [2023-05-09T15:23:58.839268 #1]  INFO -- :   tmp/audit/workflow_usage.csv
I, [2023-05-09T15:23:58.850274 #1]  INFO -- :   tmp/audit/audit_summary.md
I, [2023-05-09T15:24:00.693365 #1]  INFO -- request: GET https://api.github.com/user
I, [2023-05-09T15:24:00.898929 #1]  INFO -- response: Status 200
I, [2023-05-09T15:24:00.900773 #1]  INFO -- : Sending telemetry with transaction id '4d508279-2fab-4955-97b4-655072a72654'
