# Logfile created on 2023-05-09 16:00:08 +0000 by logger.rb/v1.5.3
I, [2023-05-09T16:00:08.593098 #1]  INFO -- : Using GitHub Features: Defaults
I, [2023-05-09T16:00:08.594552 #1]  INFO -- request: GET http://localhost:8080/job/monas_dev_work/job/monas_freestyle/config.xml
I, [2023-05-09T16:00:08.655323 #1]  INFO -- response: Status 200
D, [2023-05-09T16:00:08.662951 #1] DEBUG -- : [Transformers::Jenkins::DesignerPipeline::Jobs]: Located transformer for 'hudson.tasks.Shell'
D, [2023-05-09T16:00:08.663991 #1] DEBUG -- : [Transformers::Jenkins::DesignerPipeline::Env]: Located transformer for 'org.jenkinsci.plugins.credentialsbinding.impl.SecretBuildWrapper'
I, [2023-05-09T16:00:08.701314 #1]  INFO -- request: GET https://api.github.com/repos/SeamusRW/importer-labs-copy
I, [2023-05-09T16:00:08.957091 #1]  INFO -- response: Status 200
I, [2023-05-09T16:00:08.969153 #1]  INFO -- request: GET https://api.github.com/repos/SeamusRW/importer-labs-copy/git/refs/heads/main
I, [2023-05-09T16:00:09.074061 #1]  INFO -- response: Status 200
I, [2023-05-09T16:00:09.075523 #1]  INFO -- request: POST https://api.github.com/repos/SeamusRW/importer-labs-copy/git/refs
I, [2023-05-09T16:00:09.363207 #1]  INFO -- response: Status 201
I, [2023-05-09T16:00:09.364695 #1]  INFO -- request: GET https://api.github.com/repos/SeamusRW/importer-labs-copy/contents/.github/workflows/monas_freestyle.yml?sha=9cffeac1da01d55258e16e92e64bf850e5f759c1
I, [2023-05-09T16:00:09.469605 #1]  INFO -- response: Status 404
I, [2023-05-09T16:00:09.470563 #1]  INFO -- request: PUT https://api.github.com/repos/SeamusRW/importer-labs-copy/contents/.github/workflows/monas_freestyle.yml
I, [2023-05-09T16:00:09.833777 #1]  INFO -- response: Status 201
I, [2023-05-09T16:00:09.835263 #1]  INFO -- request: POST https://api.github.com/repos/SeamusRW/importer-labs-copy/pulls
I, [2023-05-09T16:00:10.808819 #1]  INFO -- response: Status 201
I, [2023-05-09T16:00:10.812819 #1]  INFO -- : Pull request: 'https://github.com/SeamusRW/importer-labs-copy/pull/1'
I, [2023-05-09T16:00:10.815155 #1]  INFO -- request: GET https://api.github.com/user
I, [2023-05-09T16:00:10.930766 #1]  INFO -- response: Status 200
I, [2023-05-09T16:00:10.932596 #1]  INFO -- request: GET https://api.github.com/repos/SeamusRW/importer-labs-copy
I, [2023-05-09T16:00:11.187122 #1]  INFO -- response: Status 200
I, [2023-05-09T16:00:11.191178 #1]  INFO -- : Sending telemetry with transaction id 'd6b5495c-a505-4f3e-b845-ff1fe258d023'
